{"level":"error","message":"Invalid figure type on line 1: Rectangle;1;0,0,10,0,10,10,0,10\r"}
{"level":"error","message":"Invalid figure type on line 2: Cone;2;0,0,0,10;5"}
{"level":"error","message":"Invalid figure type on line 1: Rectangle;1;0,0,10,0,10,10,0,10\r"}
{"level":"error","message":"Invalid figure type on line 2: Cone;2;0,0,0,10;5"}
{"level":"error","message":"Invalid figure type on line 1: Rectangle;1;0,0,10,0,10,10,0,10\r"}
{"level":"error","message":"Invalid figure type on line 2: Cone;2;0,0,0,10;5"}
{"level":"error","message":"Invalid figure type on line 1: Rectangle;1;0,0,10,0,10,10,0,10\r"}
{"level":"error","message":"Invalid figure type on line 2: Cone;2;0,0,0,10;5"}
{"level":"error","message":"Invalid figure type on line 1: Rectangle;1;0,0,10,0,10,10,0,10\r"}
{"level":"error","message":"Invalid figure type on line 2: Cone;2;0,0,0,10;5"}
{"level":"error","message":"Invalid figure type on line 1: Rectangle;1;0,0,10,0,10,10,0,10\r"}
{"level":"error","message":"Invalid figure type on line 2: Cone;2;0,0,0,10;5"}
{"level":"error","message":" Invalid figure type on line 1: Rectangle;1;0,0,10,0,10,10,0,10\r"}
{"level":"error","message":" Invalid figure type on line 2: Cone;2;0,0,0,10;5"}
{"level":"error","message":"Invalid data for Rectangle on line 1"}
{"level":"error","message":"Invalid shape data"}
{"level":"error","message":"Invalid data for Cone on line 2"}
{"level":"error","message":"Invalid data for Rectangle on line 1, data = 1;0,0,10,0,10,10,0,10\r"}
{"level":"error","message":"Invalid shape data"}
{"level":"error","message":"Invalid data for Cone on line 2"}
{"level":"error","message":"Invalid data for Rectangle on line 1, data = 1;0,0,10,0,10,10,0,10\r"}
{"level":"error","message":"Invalid shape data"}
{"level":"error","message":"Invalid data for Cone on line 2"}
{"level":"error","message":"Invalid data for Rectangle on line 1, data = 1;0,0,10,0,10,10,0,10\r"}
{"level":"error","message":"Invalid data for Cone on line 2"}
{"level":"error","message":"Error on line 1: Cannot read properties of undefined (reading 'split')"}
{"level":"error","message":"Error on line 2: Cannot read properties of undefined (reading 'split')"}
{"level":"error","message":"Error on line 1: Cannot read properties of undefined (reading 'split')"}
{"level":"error","message":"Error on line 2: Cannot read properties of undefined (reading 'split')"}
{"level":"error","message":"Invalid data for Rectangle on line 1"}
{"level":"error","message":"Invalid data for Cone on line 2"}
{"level":"error","message":"Invalid data for Rectangle on line 1"}
{"level":"error","message":"Invalid data for Cone on line 2"}
{"level":"error","message":"Invalid data for Rectangle on line 1"}
{"level":"error","message":"Invalid data for Cone on line 2"}
{"level":"error","message":"Invalid data for Rectangle on line 1"}
{"level":"error","message":"Invalid data for Cone on line 2"}
{"level":"error","message":"Invalid data for Rectangle on line 1"}
{"level":"error","message":"Invalid data for Cone on line 2"}
{"level":"error","message":"Invalid data for Rectangle on line 1"}
{"level":"error","message":"Invalid data for Cone on line 2"}
{"level":"error","message":"Invalid data for Rectangle on line 1"}
{"level":"error","message":"Invalid data for Cone on line 2"}
{"level":"error","message":"Invalid data for Rectangle on line 1"}
{"level":"error","message":"Invalid data for Cone on line 2"}
{"level":"error","message":"Invalid data for Rectangle on line 1"}
{"level":"error","message":"Invalid data for Cone on line 2"}
{"level":"error","message":"Invalid data for Rectangle on line 1"}
{"level":"error","message":"Invalid data for Cone on line 2"}
{"level":"error","message":"Invalid data for Rectangle on line 1"}
{"level":"error","message":"Invalid data for Cone on line 2"}
{"level":"error","message":"Invalid data for Rectangle on line 1"}
{"level":"error","message":"Invalid data for Cone on line 2"}
{"level":"error","message":"Invalid data for Rectangle on line 1"}
{"level":"error","message":"Invalid data for Cone on line 2"}
{"level":"error","message":"Shape must have at least 8 points"}
{"level":"error","message":"Invalid data for Rectangle"}
{"level":"error","message":"Invalid data for Rectangle on line 1"}
{"level":"error","message":"Shape must have at least 4 points"}
{"level":"error","message":"Invalid data for Cone on line 2"}
{"level":"error","message":"Shape must have at least 8 points"}
{"level":"error","message":"Invalid data for Rectangle"}
{"level":"error","message":"Invalid data for Rectangle on line 1"}
{"level":"error","message":"Invalid data for Cone on line 2"}
{"level":"error","message":"Invalid data for Cone on line 2"}
{"level":"error","message":"Invalid data for Cone on line 2"}
{"level":"error","message":"Shape must have at least 2 points"}
{"level":"error","message":"Invalid data for Cone"}
{"level":"error","message":"Invalid data for Cone on line 2"}
{"level":"error","message":"Shape must have at least 2 points"}
{"level":"error","message":"Invalid data for Cone"}
{"level":"error","message":"Invalid data for Cone on line 2"}
{"level":"error","message":"Error on line 1: Cannot read properties of undefined (reading 'createPoint')"}
{"level":"error","message":"Error on line 2: Cannot read properties of undefined (reading 'createPoint')"}
{"level":"error","message":"Error on line 1: undefined is not an object (evaluating 'this.createPoint')"}
{"level":"error","message":"Error on line 2: undefined is not an object (evaluating 'this.createPoint')"}
{"level":"error","message":"Invalid points data on line 2: 0,0,10,5,5"}
{"level":"error","message":"Invalid points data on line 2: 0,0,10,5,5"}
{"level":"error","message":"Invalid points data on line 2: 0,0,10,5,5"}
{"level":"error","message":"Invalid points data on line 2: 0,0,10,5,5"}
{"level":"error","message":"Invalid points data on line 2: 0,0,10,5,5"}
{"level":"error","message":"Invalid points data on line 2: 0,0,10,5,5"}
{"level":"error","message":"Invalid points data on line 2: 0,0,10,5,5"}
{"level":"error","message":"Invalid points data on line 2: 0,0,10,5,5"}
{"level":"error","message":"Invalid points data on line 2: 0,0,10,5,5"}
{"level":"error","message":"Invalid points data on line 2: 0,0,10,5,5"}
{"level":"error","message":"Invalid points data on line 2: 0,0,10,5,5"}
